{"/Users/brian/Code/desktop-wallet/src/renderer/app/App.vue": {"path":"/Users/brian/Code/desktop-wallet/src/renderer/app/App.vue","statementMap":{"0":{"start":{"line":8,"column":0},"end":{"line":8,"column":null}},"1":{"start":{"line":10,"column":0},"end":{"line":10,"column":null}},"2":{"start":{"line":13,"column":0},"end":{"line":13,"column":null}}},"fnMap":{"0":{"name":"(anonymous_2)","decl":{"start":{"line":13,"column":0},"end":{"line":13,"column":null}},"loc":{"start":{"line":13,"column":0},"end":{"line":13,"column":null}}}},"branchMap":{},"s":{"0":1,"1":1,"2":4},"f":{"0":1},"b":{}}
,"/Users/brian/Code/desktop-wallet/src/renderer/app/SplashScreen.vue": {"path":"/Users/brian/Code/desktop-wallet/src/renderer/app/SplashScreen.vue","statementMap":{"0":{"start":{"line":66,"column":0},"end":{"line":66,"column":null}},"1":{"start":{"line":68,"column":0},"end":{"line":68,"column":null}},"2":{"start":{"line":70,"column":0},"end":{"line":70,"column":null}},"3":{"start":{"line":75,"column":0},"end":{"line":79,"column":null}},"4":{"start":{"line":75,"column":0},"end":{"line":75,"column":null}},"5":{"start":{"line":77,"column":0},"end":{"line":77,"column":null}},"6":{"start":{"line":75,"column":0},"end":{"line":72,"column":null}},"7":{"start":{"line":79,"column":0},"end":{"line":79,"column":null}}},"fnMap":{"0":{"name":"(anonymous_2)","decl":{"start":{"line":75,"column":0},"end":{"line":75,"column":null}},"loc":{"start":{"line":75,"column":0},"end":{"line":79,"column":null}}},"1":{"name":"(anonymous_3)","decl":{"start":{"line":76,"column":0},"end":{"line":76,"column":null}},"loc":{"start":{"line":76,"column":0},"end":{"line":78,"column":null}}}},"branchMap":{},"s":{"0":1,"1":1,"2":1,"3":1,"4":1,"5":1,"6":1,"7":1},"f":{"0":1,"1":1},"b":{}}
,"/Users/brian/Code/desktop-wallet/src/renderer/app/components/Alert/Alert.vue": {"path":"/Users/brian/Code/desktop-wallet/src/renderer/app/components/Alert/Alert.vue","statementMap":{"0":{"start":{"line":25,"column":0},"end":{"line":25,"column":null}},"1":{"start":{"line":28,"column":0},"end":{"line":32,"column":null}},"2":{"start":{"line":28,"column":0},"end":{"line":28,"column":null}},"3":{"start":{"line":29,"column":0},"end":{"line":29,"column":null}},"4":{"start":{"line":30,"column":0},"end":{"line":30,"column":null}},"5":{"start":{"line":31,"column":0},"end":{"line":31,"column":null}},"6":{"start":{"line":32,"column":0},"end":{"line":32,"column":null}}},"fnMap":{"0":{"name":"(anonymous_3)","decl":{"start":{"line":28,"column":0},"end":{"line":28,"column":null}},"loc":{"start":{"line":28,"column":0},"end":{"line":32,"column":null}}}},"branchMap":{},"s":{"0":1,"1":1,"2":2,"3":1,"4":1,"5":1,"6":1},"f":{"0":1},"b":{}}
,"/Users/brian/Code/desktop-wallet/src/renderer/app/components/Button/Button.vue": {"path":"/Users/brian/Code/desktop-wallet/src/renderer/app/components/Button/Button.vue","statementMap":{"0":{"start":{"line":18,"column":0},"end":{"line":18,"column":null}},"1":{"start":{"line":21,"column":0},"end":{"line":26,"column":null}},"2":{"start":{"line":21,"column":0},"end":{"line":21,"column":null}},"3":{"start":{"line":22,"column":0},"end":{"line":22,"column":null}},"4":{"start":{"line":23,"column":0},"end":{"line":23,"column":null}},"5":{"start":{"line":24,"column":0},"end":{"line":24,"column":null}},"6":{"start":{"line":25,"column":0},"end":{"line":25,"column":null}},"7":{"start":{"line":26,"column":0},"end":{"line":26,"column":null}}},"fnMap":{"0":{"name":"(anonymous_3)","decl":{"start":{"line":21,"column":0},"end":{"line":21,"column":null}},"loc":{"start":{"line":21,"column":0},"end":{"line":26,"column":null}}}},"branchMap":{},"s":{"0":1,"1":1,"2":2,"3":1,"4":1,"5":1,"6":1,"7":1},"f":{"0":1},"b":{}}
,"/Users/brian/Code/desktop-wallet/src/renderer/app/components/Form/FormError.vue": {"path":"/Users/brian/Code/desktop-wallet/src/renderer/app/components/Form/FormError.vue","statementMap":{"0":{"start":{"line":8,"column":0},"end":{"line":8,"column":null}},"1":{"start":{"line":11,"column":0},"end":{"line":13,"column":null}},"2":{"start":{"line":11,"column":0},"end":{"line":11,"column":null}},"3":{"start":{"line":12,"column":0},"end":{"line":12,"column":null}},"4":{"start":{"line":11,"column":0},"end":{"line":10,"column":null}},"5":{"start":{"line":13,"column":0},"end":{"line":13,"column":null}}},"fnMap":{"0":{"name":"(anonymous_3)","decl":{"start":{"line":11,"column":0},"end":{"line":11,"column":null}},"loc":{"start":{"line":11,"column":0},"end":{"line":13,"column":null}}}},"branchMap":{},"s":{"0":1,"1":1,"2":1,"3":1,"4":1,"5":1},"f":{"0":1},"b":{}}
,"/Users/brian/Code/desktop-wallet/src/renderer/app/components/ListDivided/ListDivided.vue": {"path":"/Users/brian/Code/desktop-wallet/src/renderer/app/components/ListDivided/ListDivided.vue","statementMap":{"0":{"start":{"line":14,"column":0},"end":{"line":14,"column":null}},"1":{"start":{"line":16,"column":0},"end":{"line":16,"column":null}},"2":{"start":{"line":24,"column":0},"end":{"line":28,"column":null}},"3":{"start":{"line":24,"column":0},"end":{"line":24,"column":null}},"4":{"start":{"line":27,"column":0},"end":{"line":27,"column":null}},"5":{"start":{"line":25,"column":0},"end":{"line":25,"column":null}},"6":{"start":{"line":26,"column":0},"end":{"line":26,"column":null}},"7":{"start":{"line":24,"column":0},"end":{"line":18,"column":null}},"8":{"start":{"line":28,"column":0},"end":{"line":28,"column":null}}},"fnMap":{"0":{"name":"(anonymous_3)","decl":{"start":{"line":24,"column":0},"end":{"line":24,"column":null}},"loc":{"start":{"line":24,"column":0},"end":{"line":28,"column":null}}}},"branchMap":{},"s":{"0":1,"1":1,"2":1,"3":1,"4":2,"5":1,"6":1,"7":1,"8":1},"f":{"0":2},"b":{}}
,"/Users/brian/Code/desktop-wallet/src/renderer/app/components/ListDivided/ListDividedItem.vue": {"path":"/Users/brian/Code/desktop-wallet/src/renderer/app/components/ListDivided/ListDividedItem.vue","statementMap":{"0":{"start":{"line":35,"column":0},"end":{"line":35,"column":null}},"1":{"start":{"line":40,"column":0},"end":{"line":48,"column":null}},"2":{"start":{"line":40,"column":0},"end":{"line":40,"column":null}},"3":{"start":{"line":41,"column":0},"end":{"line":41,"column":null}},"4":{"start":{"line":42,"column":0},"end":{"line":42,"column":null}},"5":{"start":{"line":43,"column":0},"end":{"line":43,"column":null}},"6":{"start":{"line":44,"column":0},"end":{"line":44,"column":null}},"7":{"start":{"line":45,"column":0},"end":{"line":45,"column":null}},"8":{"start":{"line":46,"column":0},"end":{"line":46,"column":null}},"9":{"start":{"line":47,"column":0},"end":{"line":47,"column":null}},"10":{"start":{"line":40,"column":0},"end":{"line":37,"column":null}},"11":{"start":{"line":48,"column":0},"end":{"line":48,"column":null}}},"fnMap":{"0":{"name":"(anonymous_3)","decl":{"start":{"line":40,"column":0},"end":{"line":40,"column":null}},"loc":{"start":{"line":40,"column":0},"end":{"line":48,"column":null}}}},"branchMap":{},"s":{"0":2,"1":2,"2":2,"3":2,"4":2,"5":2,"6":2,"7":2,"8":2,"9":2,"10":2,"11":2},"f":{"0":2},"b":{}}
,"/Users/brian/Code/desktop-wallet/src/renderer/app/components/Navbar/Navbar.vue": {"path":"/Users/brian/Code/desktop-wallet/src/renderer/app/components/Navbar/Navbar.vue","statementMap":{"0":{"start":{"line":16,"column":0},"end":{"line":16,"column":null}},"1":{"start":{"line":19,"column":0},"end":{"line":19,"column":null}}},"fnMap":{"0":{"name":"(anonymous_2)","decl":{"start":{"line":19,"column":0},"end":{"line":19,"column":null}},"loc":{"start":{"line":19,"column":0},"end":{"line":19,"column":null}}}},"branchMap":{},"s":{"0":1,"1":4},"f":{"0":1},"b":{}}
,"/Users/brian/Code/desktop-wallet/src/renderer/app/components/SvgIcon/SvgIcon.vue": {"path":"/Users/brian/Code/desktop-wallet/src/renderer/app/components/SvgIcon/SvgIcon.vue","statementMap":{"0":{"start":{"line":15,"column":0},"end":{"line":15,"column":null}},"1":{"start":{"line":18,"column":0},"end":{"line":28,"column":null}},"2":{"start":{"line":18,"column":0},"end":{"line":18,"column":null}},"3":{"start":{"line":23,"column":0},"end":{"line":23,"column":null}},"4":{"start":{"line":24,"column":0},"end":{"line":24,"column":null}},"5":{"start":{"line":26,"column":0},"end":{"line":26,"column":null}},"6":{"start":{"line":19,"column":0},"end":{"line":19,"column":null}},"7":{"start":{"line":20,"column":0},"end":{"line":20,"column":null}},"8":{"start":{"line":28,"column":0},"end":{"line":28,"column":null}}},"fnMap":{"0":{"name":"(anonymous_3)","decl":{"start":{"line":18,"column":0},"end":{"line":18,"column":null}},"loc":{"start":{"line":18,"column":0},"end":{"line":28,"column":null}}},"1":{"name":"(anonymous_4)","decl":{"start":{"line":22,"column":0},"end":{"line":22,"column":null}},"loc":{"start":{"line":22,"column":0},"end":{"line":27,"column":null}}},"2":{"name":"(anonymous_5)","decl":{"start":{"line":24,"column":0},"end":{"line":24,"column":null}},"loc":{"start":{"line":24,"column":0},"end":{"line":24,"column":null}}}},"branchMap":{"0":{"loc":{"start":{"line":23,"column":0},"end":{"line":23,"column":null}},"type":"cond-expr","locations":[{"start":{"line":23,"column":0},"end":{"line":23,"column":null}},{"start":{"line":23,"column":0},"end":{"line":23,"column":null}}]}},"s":{"0":1,"1":1,"2":2,"3":1,"4":5,"5":1,"6":1,"7":1,"8":1},"f":{"0":1,"1":1,"2":4},"b":{"0":[0,1]}}
,"/Users/brian/Code/desktop-wallet/src/renderer/app/components/Toggle/Toggle.vue": {"path":"/Users/brian/Code/desktop-wallet/src/renderer/app/components/Toggle/Toggle.vue","statementMap":{"0":{"start":{"line":16,"column":0},"end":{"line":16,"column":null}},"1":{"start":{"line":23,"column":0},"end":{"line":46,"column":null}},"2":{"start":{"line":23,"column":0},"end":{"line":23,"column":null}},"3":{"start":{"line":30,"column":0},"end":{"line":30,"column":null}},"4":{"start":{"line":34,"column":0},"end":{"line":34,"column":null}},"5":{"start":{"line":35,"column":0},"end":{"line":35,"column":null}},"6":{"start":{"line":40,"column":0},"end":{"line":40,"column":null}},"7":{"start":{"line":44,"column":0},"end":{"line":44,"column":null}},"8":{"start":{"line":24,"column":0},"end":{"line":24,"column":null}},"9":{"start":{"line":25,"column":0},"end":{"line":25,"column":null}},"10":{"start":{"line":39,"column":0},"end":{"line":39,"column":null}},"11":{"start":{"line":23,"column":0},"end":{"line":18,"column":null}},"12":{"start":{"line":19,"column":0},"end":{"line":19,"column":null}},"13":{"start":{"line":46,"column":0},"end":{"line":46,"column":null}}},"fnMap":{"0":{"name":"(anonymous_3)","decl":{"start":{"line":23,"column":0},"end":{"line":23,"column":null}},"loc":{"start":{"line":23,"column":0},"end":{"line":46,"column":null}}},"1":{"name":"(anonymous_4)","decl":{"start":{"line":29,"column":0},"end":{"line":29,"column":null}},"loc":{"start":{"line":29,"column":0},"end":{"line":31,"column":null}}},"2":{"name":"(anonymous_5)","decl":{"start":{"line":33,"column":0},"end":{"line":33,"column":null}},"loc":{"start":{"line":33,"column":0},"end":{"line":36,"column":null}}},"3":{"name":"(anonymous_6)","decl":{"start":{"line":39,"column":0},"end":{"line":39,"column":null}},"loc":{"start":{"line":39,"column":0},"end":{"line":41,"column":null}}},"4":{"name":"(anonymous_7)","decl":{"start":{"line":43,"column":0},"end":{"line":43,"column":null}},"loc":{"start":{"line":43,"column":0},"end":{"line":45,"column":null}}},"5":{"name":"(anonymous_8)","decl":{"start":{"line":19,"column":0},"end":{"line":19,"column":null}},"loc":{"start":{"line":19,"column":0},"end":{"line":19,"column":null}}}},"branchMap":{},"s":{"0":1,"1":1,"2":1,"3":7,"4":2,"5":2,"6":1,"7":2,"8":1,"9":1,"10":1,"11":1,"12":4,"13":1},"f":{"0":1,"1":7,"2":2,"3":1,"4":2,"5":4},"b":{}}
,"/Users/brian/Code/desktop-wallet/src/renderer/domain/announcement/store/actions.ts": {"path":"/Users/brian/Code/desktop-wallet/src/renderer/domain/announcement/store/actions.ts","statementMap":{},"fnMap":{},"branchMap":{},"s":{},"f":{},"b":{}}
,"/Users/brian/Code/desktop-wallet/src/renderer/domain/announcement/store/getters.ts": {"path":"/Users/brian/Code/desktop-wallet/src/renderer/domain/announcement/store/getters.ts","statementMap":{},"fnMap":{},"branchMap":{},"s":{},"f":{},"b":{}}
,"/Users/brian/Code/desktop-wallet/src/renderer/domain/announcement/store/mutations.ts": {"path":"/Users/brian/Code/desktop-wallet/src/renderer/domain/announcement/store/mutations.ts","statementMap":{},"fnMap":{},"branchMap":{},"s":{},"f":{},"b":{}}
,"/Users/brian/Code/desktop-wallet/src/renderer/domain/plugin/store/actions.ts": {"path":"/Users/brian/Code/desktop-wallet/src/renderer/domain/plugin/store/actions.ts","statementMap":{},"fnMap":{},"branchMap":{},"s":{},"f":{},"b":{}}
,"/Users/brian/Code/desktop-wallet/src/renderer/domain/plugin/store/getters.ts": {"path":"/Users/brian/Code/desktop-wallet/src/renderer/domain/plugin/store/getters.ts","statementMap":{},"fnMap":{},"branchMap":{},"s":{},"f":{},"b":{}}
,"/Users/brian/Code/desktop-wallet/src/renderer/domain/plugin/store/mutations.ts": {"path":"/Users/brian/Code/desktop-wallet/src/renderer/domain/plugin/store/mutations.ts","statementMap":{},"fnMap":{},"branchMap":{},"s":{},"f":{},"b":{}}
,"/Users/brian/Code/desktop-wallet/src/renderer/domain/profile/pages/ProfileNew.vue": {"path":"/Users/brian/Code/desktop-wallet/src/renderer/domain/profile/pages/ProfileNew.vue","statementMap":{"0":{"start":{"line":189,"column":0},"end":{"line":189,"column":null}},"1":{"start":{"line":190,"column":0},"end":{"line":190,"column":null}},"2":{"start":{"line":191,"column":0},"end":{"line":191,"column":null}},"3":{"start":{"line":193,"column":0},"end":{"line":193,"column":null}},"4":{"start":{"line":194,"column":0},"end":{"line":194,"column":null}},"5":{"start":{"line":195,"column":0},"end":{"line":195,"column":null}},"6":{"start":{"line":196,"column":0},"end":{"line":196,"column":null}},"7":{"start":{"line":197,"column":0},"end":{"line":197,"column":null}},"8":{"start":{"line":209,"column":0},"end":{"line":267,"column":null}},"9":{"start":{"line":209,"column":0},"end":{"line":209,"column":null}},"10":{"start":{"line":210,"column":0},"end":{"line":210,"column":null}},"11":{"start":{"line":218,"column":0},"end":{"line":218,"column":null}},"12":{"start":{"line":234,"column":0},"end":{"line":234,"column":null}},"13":{"start":{"line":236,"column":0},"end":{"line":236,"column":null}},"14":{"start":{"line":237,"column":0},"end":{"line":237,"column":null}},"15":{"start":{"line":238,"column":0},"end":{"line":238,"column":null}},"16":{"start":{"line":240,"column":0},"end":{"line":240,"column":null}},"17":{"start":{"line":246,"column":0},"end":{"line":246,"column":null}},"18":{"start":{"line":248,"column":0},"end":{"line":248,"column":null}},"19":{"start":{"line":252,"column":0},"end":{"line":252,"column":null}},"20":{"start":{"line":256,"column":0},"end":{"line":256,"column":null}},"21":{"start":{"line":260,"column":0},"end":{"line":260,"column":null}},"22":{"start":{"line":209,"column":0},"end":{"line":199,"column":null}},"23":{"start":{"line":267,"column":0},"end":{"line":267,"column":null}}},"fnMap":{"0":{"name":"(anonymous_2)","decl":{"start":{"line":209,"column":0},"end":{"line":209,"column":null}},"loc":{"start":{"line":209,"column":0},"end":{"line":267,"column":null}}},"1":{"name":"(anonymous_4)","decl":{"start":{"line":217,"column":0},"end":{"line":217,"column":null}},"loc":{"start":{"line":217,"column":0},"end":{"line":220,"column":null}}},"2":{"name":"(anonymous_5)","decl":{"start":{"line":222,"column":0},"end":{"line":222,"column":null}},"loc":{"start":{"line":222,"column":0},"end":{"line":222,"column":null}}},"3":{"name":"(anonymous_6)","decl":{"start":{"line":233,"column":0},"end":{"line":233,"column":null}},"loc":{"start":{"line":233,"column":0},"end":{"line":243,"column":null}}},"4":{"name":"(anonymous_7)","decl":{"start":{"line":245,"column":0},"end":{"line":245,"column":null}},"loc":{"start":{"line":245,"column":0},"end":{"line":249,"column":null}}},"5":{"name":"(anonymous_8)","decl":{"start":{"line":251,"column":0},"end":{"line":251,"column":null}},"loc":{"start":{"line":251,"column":0},"end":{"line":253,"column":null}}},"6":{"name":"(anonymous_9)","decl":{"start":{"line":255,"column":0},"end":{"line":255,"column":null}},"loc":{"start":{"line":255,"column":0},"end":{"line":257,"column":null}}},"7":{"name":"(anonymous_10)","decl":{"start":{"line":259,"column":0},"end":{"line":259,"column":null}},"loc":{"start":{"line":259,"column":0},"end":{"line":266,"column":null}}}},"branchMap":{"0":{"loc":{"start":{"line":218,"column":0},"end":{"line":218,"column":null}},"type":"binary-expr","locations":[{"start":{"line":218,"column":0},"end":{"line":218,"column":null}},{"start":{"line":218,"column":0},"end":{"line":218,"column":null}},{"start":{"line":218,"column":0},"end":{"line":218,"column":null}}]},"1":{"loc":{"start":{"line":238,"column":0},"end":{"line":238,"column":null}},"type":"cond-expr","locations":[{"start":{"line":238,"column":0},"end":{"line":238,"column":null}},{"start":{"line":238,"column":0},"end":{"line":238,"column":null}}]}},"s":{"0":1,"1":1,"2":1,"3":1,"4":1,"5":1,"6":1,"7":1,"8":1,"9":1,"10":2,"11":2,"12":1,"13":1,"14":1,"15":1,"16":1,"17":0,"18":0,"19":2,"20":2,"21":1,"22":1,"23":1},"f":{"0":3,"1":2,"2":0,"3":1,"4":0,"5":2,"6":2,"7":1},"b":{"0":[2,0,2],"1":[0,1]}}
,"/Users/brian/Code/desktop-wallet/src/renderer/domain/profile/pages/ProfileWelcome.vue": {"path":"/Users/brian/Code/desktop-wallet/src/renderer/domain/profile/pages/ProfileWelcome.vue","statementMap":{"0":{"start":{"line":91,"column":0},"end":{"line":91,"column":null}},"1":{"start":{"line":93,"column":0},"end":{"line":93,"column":null}},"2":{"start":{"line":94,"column":0},"end":{"line":94,"column":null}},"3":{"start":{"line":102,"column":0},"end":{"line":112,"column":null}},"4":{"start":{"line":102,"column":0},"end":{"line":102,"column":null}},"5":{"start":{"line":103,"column":0},"end":{"line":103,"column":null}},"6":{"start":{"line":106,"column":0},"end":{"line":106,"column":null}},"7":{"start":{"line":110,"column":0},"end":{"line":110,"column":null}},"8":{"start":{"line":102,"column":0},"end":{"line":96,"column":null}},"9":{"start":{"line":112,"column":0},"end":{"line":112,"column":null}}},"fnMap":{"0":{"name":"(anonymous_2)","decl":{"start":{"line":102,"column":0},"end":{"line":102,"column":null}},"loc":{"start":{"line":102,"column":0},"end":{"line":112,"column":null}}},"1":{"name":"(anonymous_4)","decl":{"start":{"line":105,"column":0},"end":{"line":105,"column":null}},"loc":{"start":{"line":105,"column":0},"end":{"line":107,"column":null}}},"2":{"name":"(anonymous_5)","decl":{"start":{"line":109,"column":0},"end":{"line":109,"column":null}},"loc":{"start":{"line":109,"column":0},"end":{"line":111,"column":null}}}},"branchMap":{},"s":{"0":1,"1":1,"2":1,"3":1,"4":1,"5":1,"6":1,"7":0,"8":1,"9":1},"f":{"0":2,"1":1,"2":0},"b":{}}
,"/Users/brian/Code/desktop-wallet/src/renderer/domain/profile/store/actions.ts": {"path":"/Users/brian/Code/desktop-wallet/src/renderer/domain/profile/store/actions.ts","statementMap":{},"fnMap":{},"branchMap":{},"s":{},"f":{},"b":{}}
,"/Users/brian/Code/desktop-wallet/src/renderer/domain/profile/store/getters.ts": {"path":"/Users/brian/Code/desktop-wallet/src/renderer/domain/profile/store/getters.ts","statementMap":{},"fnMap":{},"branchMap":{},"s":{},"f":{},"b":{}}
,"/Users/brian/Code/desktop-wallet/src/renderer/domain/profile/store/mutations.ts": {"path":"/Users/brian/Code/desktop-wallet/src/renderer/domain/profile/store/mutations.ts","statementMap":{},"fnMap":{},"branchMap":{},"s":{},"f":{},"b":{}}
,"/Users/brian/Code/desktop-wallet/src/renderer/domain/transaction/store/actions.ts": {"path":"/Users/brian/Code/desktop-wallet/src/renderer/domain/transaction/store/actions.ts","statementMap":{},"fnMap":{},"branchMap":{},"s":{},"f":{},"b":{}}
,"/Users/brian/Code/desktop-wallet/src/renderer/domain/transaction/store/getters.ts": {"path":"/Users/brian/Code/desktop-wallet/src/renderer/domain/transaction/store/getters.ts","statementMap":{},"fnMap":{},"branchMap":{},"s":{},"f":{},"b":{}}
,"/Users/brian/Code/desktop-wallet/src/renderer/domain/transaction/store/mutations.ts": {"path":"/Users/brian/Code/desktop-wallet/src/renderer/domain/transaction/store/mutations.ts","statementMap":{},"fnMap":{},"branchMap":{},"s":{},"f":{},"b":{}}
,"/Users/brian/Code/desktop-wallet/src/renderer/domain/wallet/components/WalletMnemonicList.vue": {"path":"/Users/brian/Code/desktop-wallet/src/renderer/domain/wallet/components/WalletMnemonicList.vue","statementMap":{"0":{"start":{"line":20,"column":0},"end":{"line":20,"column":null}},"1":{"start":{"line":23,"column":0},"end":{"line":25,"column":null}},"2":{"start":{"line":23,"column":0},"end":{"line":23,"column":null}},"3":{"start":{"line":24,"column":0},"end":{"line":24,"column":null}},"4":{"start":{"line":25,"column":0},"end":{"line":25,"column":null}}},"fnMap":{"0":{"name":"(anonymous_3)","decl":{"start":{"line":23,"column":0},"end":{"line":23,"column":null}},"loc":{"start":{"line":23,"column":0},"end":{"line":25,"column":null}}}},"branchMap":{},"s":{"0":1,"1":1,"2":2,"3":1,"4":1},"f":{"0":1},"b":{}}
,"/Users/brian/Code/desktop-wallet/src/renderer/domain/wallet/store/actions.ts": {"path":"/Users/brian/Code/desktop-wallet/src/renderer/domain/wallet/store/actions.ts","statementMap":{},"fnMap":{},"branchMap":{},"s":{},"f":{},"b":{}}
,"/Users/brian/Code/desktop-wallet/src/renderer/domain/wallet/store/getters.ts": {"path":"/Users/brian/Code/desktop-wallet/src/renderer/domain/wallet/store/getters.ts","statementMap":{},"fnMap":{},"branchMap":{},"s":{},"f":{},"b":{}}
,"/Users/brian/Code/desktop-wallet/src/renderer/domain/wallet/store/mutations.ts": {"path":"/Users/brian/Code/desktop-wallet/src/renderer/domain/wallet/store/mutations.ts","statementMap":{},"fnMap":{},"branchMap":{},"s":{},"f":{},"b":{}}
,"/Users/brian/Code/desktop-wallet/src/renderer/support/mixins/assets.ts": {"path":"/Users/brian/Code/desktop-wallet/src/renderer/support/mixins/assets.ts","statementMap":{"0":{"start":{"line":3,"column":21},"end":{"line":3,"column":39}},"1":{"start":{"line":5,"column":27},"end":{"line":15,"column":1}},"2":{"start":{"line":8,"column":3},"end":{"line":12,"column":4}},"3":{"start":{"line":9,"column":4},"end":{"line":9,"column":42}},"4":{"start":{"line":11,"column":4},"end":{"line":11,"column":14}}},"fnMap":{"0":{"name":"(anonymous_0)","decl":{"start":{"line":7,"column":2},"end":{"line":7,"column":3}},"loc":{"start":{"line":7,"column":38},"end":{"line":13,"column":3}},"line":7}},"branchMap":{},"s":{"0":0,"1":0,"2":0,"3":0,"4":0},"f":{"0":0},"b":{}}
,"/Users/brian/Code/desktop-wallet/src/renderer/support/plugins/env.ts": {"path":"/Users/brian/Code/desktop-wallet/src/renderer/support/plugins/env.ts","statementMap":{"0":{"start":{"line":5,"column":25},"end":{"line":5,"column":78}},"1":{"start":{"line":9,"column":2},"end":{"line":9,"column":27}},"2":{"start":{"line":10,"column":2},"end":{"line":10,"column":43}}},"fnMap":{"0":{"name":"(anonymous_0)","decl":{"start":{"line":8,"column":1},"end":{"line":8,"column":2}},"loc":{"start":{"line":8,"column":14},"end":{"line":11,"column":2}},"line":8}},"branchMap":{},"s":{"0":1,"1":1,"2":1},"f":{"0":1},"b":{},"_coverageSchema":"1a1c01bbd47fc00a2c39e90264f33305004495a9","hash":"67b10a1d5567853399fb96c9d542b71c5ec9900c"}
,"/Users/brian/Code/desktop-wallet/src/renderer/support/plugins/event-bus.ts": {"path":"/Users/brian/Code/desktop-wallet/src/renderer/support/plugins/event-bus.ts","statementMap":{"0":{"start":{"line":3,"column":24},"end":{"line":3,"column":38}},"1":{"start":{"line":7,"column":2},"end":{"line":7,"column":37}}},"fnMap":{"0":{"name":"(anonymous_0)","decl":{"start":{"line":6,"column":1},"end":{"line":6,"column":2}},"loc":{"start":{"line":6,"column":14},"end":{"line":8,"column":2}},"line":6}},"branchMap":{},"s":{"0":1,"1":1},"f":{"0":1},"b":{},"_coverageSchema":"1a1c01bbd47fc00a2c39e90264f33305004495a9","hash":"75a8b430265538bd6f777ae98f3b055a94acf6b9"}
,"/Users/brian/Code/desktop-wallet/src/renderer/support/plugins/http-client.ts": {"path":"/Users/brian/Code/desktop-wallet/src/renderer/support/plugins/http-client.ts","statementMap":{"0":{"start":{"line":3,"column":26},"end":{"line":3,"column":42}},"1":{"start":{"line":7,"column":2},"end":{"line":7,"column":35}}},"fnMap":{"0":{"name":"(anonymous_0)","decl":{"start":{"line":6,"column":1},"end":{"line":6,"column":2}},"loc":{"start":{"line":6,"column":14},"end":{"line":8,"column":2}},"line":6}},"branchMap":{},"s":{"0":2,"1":1},"f":{"0":1},"b":{},"_coverageSchema":"1a1c01bbd47fc00a2c39e90264f33305004495a9","hash":"d867a4ca605feacd4acd9f0e40687377223adf51"}
,"/Users/brian/Code/desktop-wallet/src/renderer/support/services/http.ts": {"path":"/Users/brian/Code/desktop-wallet/src/renderer/support/services/http.ts","statementMap":{"0":{"start":{"line":8,"column":2},"end":{"line":8,"column":31}},"1":{"start":{"line":10,"column":2},"end":{"line":10,"column":27}},"2":{"start":{"line":14,"column":2},"end":{"line":14,"column":32}},"3":{"start":{"line":16,"column":2},"end":{"line":16,"column":14}},"4":{"start":{"line":20,"column":2},"end":{"line":23,"column":5}},"5":{"start":{"line":25,"column":2},"end":{"line":25,"column":14}},"6":{"start":{"line":29,"column":2},"end":{"line":29,"column":62}},"7":{"start":{"line":33,"column":2},"end":{"line":33,"column":83}}},"fnMap":{"0":{"name":"(anonymous_0)","decl":{"start":{"line":7,"column":1},"end":{"line":7,"column":2}},"loc":{"start":{"line":7,"column":22},"end":{"line":11,"column":2}},"line":7},"1":{"name":"(anonymous_1)","decl":{"start":{"line":13,"column":1},"end":{"line":13,"column":2}},"loc":{"start":{"line":13,"column":45},"end":{"line":17,"column":2}},"line":13},"2":{"name":"(anonymous_2)","decl":{"start":{"line":19,"column":1},"end":{"line":19,"column":2}},"loc":{"start":{"line":19,"column":38},"end":{"line":26,"column":2}},"line":19},"3":{"name":"(anonymous_3)","decl":{"start":{"line":28,"column":1},"end":{"line":28,"column":2}},"loc":{"start":{"line":28,"column":82},"end":{"line":30,"column":2}},"line":28},"4":{"name":"(anonymous_4)","decl":{"start":{"line":32,"column":1},"end":{"line":32,"column":2}},"loc":{"start":{"line":32,"column":69},"end":{"line":34,"column":2}},"line":32}},"branchMap":{"0":{"loc":{"start":{"line":28,"column":32},"end":{"line":28,"column":50}},"type":"default-arg","locations":[{"start":{"line":28,"column":48},"end":{"line":28,"column":50}}],"line":28},"1":{"loc":{"start":{"line":32,"column":47},"end":{"line":32,"column":67}},"type":"default-arg","locations":[{"start":{"line":32,"column":65},"end":{"line":32,"column":67}}],"line":32}},"s":{"0":6,"1":6,"2":1,"3":1,"4":1,"5":1,"6":3,"7":1},"f":{"0":6,"1":1,"2":1,"3":3,"4":1},"b":{"0":[3],"1":[1]},"_coverageSchema":"1a1c01bbd47fc00a2c39e90264f33305004495a9","hash":"9a496700e8dff9e150d3c8e0cfb6cb01ef82bbc8"}
,"/Users/brian/Code/desktop-wallet/src/renderer/support/services/image-manager.ts": {"path":"/Users/brian/Code/desktop-wallet/src/renderer/support/services/image-manager.ts","statementMap":{"0":{"start":{"line":5,"column":2},"end":{"line":5,"column":85}},"1":{"start":{"line":9,"column":2},"end":{"line":9,"column":30}},"2":{"start":{"line":13,"column":2},"end":{"line":24,"column":9}},"3":{"start":{"line":14,"column":16},"end":{"line":14,"column":41}},"4":{"start":{"line":15,"column":32},"end":{"line":15,"column":47}},"5":{"start":{"line":17,"column":3},"end":{"line":21,"column":4}},"6":{"start":{"line":18,"column":21},"end":{"line":18,"column":42}},"7":{"start":{"line":20,"column":4},"end":{"line":20,"column":63}},"8":{"start":{"line":23,"column":3},"end":{"line":23,"column":16}},"9":{"start":{"line":28,"column":15},"end":{"line":28,"column":17}},"10":{"start":{"line":29,"column":15},"end":{"line":29,"column":26}},"11":{"start":{"line":31,"column":2},"end":{"line":33,"column":3}},"12":{"start":{"line":32,"column":3},"end":{"line":32,"column":44}},"13":{"start":{"line":35,"column":2},"end":{"line":35,"column":16}},"14":{"start":{"line":39,"column":2},"end":{"line":43,"column":3}},"15":{"start":{"line":40,"column":3},"end":{"line":40,"column":41}},"16":{"start":{"line":42,"column":3},"end":{"line":42,"column":41}}},"fnMap":{"0":{"name":"(anonymous_0)","decl":{"start":{"line":4,"column":1},"end":{"line":4,"column":2}},"loc":{"start":{"line":4,"column":15},"end":{"line":6,"column":2}},"line":4},"1":{"name":"(anonymous_1)","decl":{"start":{"line":8,"column":1},"end":{"line":8,"column":2}},"loc":{"start":{"line":8,"column":17},"end":{"line":10,"column":2}},"line":8},"2":{"name":"(anonymous_2)","decl":{"start":{"line":12,"column":1},"end":{"line":12,"column":2}},"loc":{"start":{"line":12,"column":15},"end":{"line":25,"column":2}},"line":12},"3":{"name":"(anonymous_3)","decl":{"start":{"line":13,"column":30},"end":{"line":13,"column":31}},"loc":{"start":{"line":13,"column":50},"end":{"line":24,"column":3}},"line":13},"4":{"name":"(anonymous_4)","decl":{"start":{"line":27,"column":1},"end":{"line":27,"column":2}},"loc":{"start":{"line":27,"column":26},"end":{"line":36,"column":2}},"line":27},"5":{"name":"(anonymous_5)","decl":{"start":{"line":38,"column":1},"end":{"line":38,"column":2}},"loc":{"start":{"line":38,"column":28},"end":{"line":44,"column":2}},"line":38}},"branchMap":{"0":{"loc":{"start":{"line":17,"column":3},"end":{"line":21,"column":4}},"type":"if","locations":[{"start":{"line":17,"column":3},"end":{"line":21,"column":4}},{"start":{"line":17,"column":3},"end":{"line":21,"column":4}}],"line":17},"1":{"loc":{"start":{"line":17,"column":7},"end":{"line":17,"column":27}},"type":"binary-expr","locations":[{"start":{"line":17,"column":7},"end":{"line":17,"column":15}},{"start":{"line":17,"column":19},"end":{"line":17,"column":27}}],"line":17},"2":{"loc":{"start":{"line":18,"column":21},"end":{"line":18,"column":42}},"type":"binary-expr","locations":[{"start":{"line":18,"column":21},"end":{"line":18,"column":36}},{"start":{"line":18,"column":40},"end":{"line":18,"column":42}}],"line":18},"3":{"loc":{"start":{"line":32,"column":26},"end":{"line":32,"column":42}},"type":"binary-expr","locations":[{"start":{"line":32,"column":26},"end":{"line":32,"column":36}},{"start":{"line":32,"column":40},"end":{"line":32,"column":42}}],"line":32}},"s":{"0":1,"1":5,"2":2,"3":6,"4":6,"5":6,"6":2,"7":2,"8":6,"9":1,"10":1,"11":1,"12":1,"13":1,"14":1,"15":1,"16":1},"f":{"0":1,"1":5,"2":2,"3":6,"4":1,"5":1},"b":{"0":[2,4],"1":[6,6],"2":[2,2],"3":[1,1]},"_coverageSchema":"1a1c01bbd47fc00a2c39e90264f33305004495a9","hash":"b20020bd02e1a9f5aa7c0cea5d37accdc35e324c"}
}
