TN:
SF:src/renderer/app/App.vue
FN:13,(anonymous_2)
FNF:1
FNH:1
FNDA:1,(anonymous_2)
DA:8,1
DA:10,1
DA:13,4
LF:3
LH:3
BRF:0
BRH:0
end_of_record
TN:
SF:src/renderer/app/SplashScreen.vue
FN:75,(anonymous_2)
FN:76,(anonymous_3)
FNF:2
FNH:2
FNDA:1,(anonymous_2)
FNDA:1,(anonymous_3)
DA:66,1
DA:68,1
DA:70,1
DA:75,1
DA:77,1
DA:79,1
LF:6
LH:6
BRF:0
BRH:0
end_of_record
TN:
SF:src/renderer/app/components/Alert/Alert.vue
FN:28,(anonymous_3)
FNF:1
FNH:1
FNDA:1,(anonymous_3)
DA:25,1
DA:28,2
DA:29,1
DA:30,1
DA:31,1
DA:32,1
LF:6
LH:6
BRF:0
BRH:0
end_of_record
TN:
SF:src/renderer/app/components/Button/Button.vue
FN:21,(anonymous_3)
FNF:1
FNH:1
FNDA:1,(anonymous_3)
DA:18,1
DA:21,2
DA:22,1
DA:23,1
DA:24,1
DA:25,1
DA:26,1
LF:7
LH:7
BRF:0
BRH:0
end_of_record
TN:
SF:src/renderer/app/components/Form/FormError.vue
FN:11,(anonymous_3)
FNF:1
FNH:1
FNDA:1,(anonymous_3)
DA:8,1
DA:11,1
DA:12,1
DA:13,1
LF:4
LH:4
BRF:0
BRH:0
end_of_record
TN:
SF:src/renderer/app/components/ListDivided/ListDivided.vue
FN:24,(anonymous_3)
FNF:1
FNH:1
FNDA:2,(anonymous_3)
DA:14,1
DA:16,1
DA:24,1
DA:25,1
DA:26,1
DA:27,2
DA:28,1
LF:7
LH:7
BRF:0
BRH:0
end_of_record
TN:
SF:src/renderer/app/components/ListDivided/ListDividedItem.vue
FN:40,(anonymous_3)
FNF:1
FNH:1
FNDA:2,(anonymous_3)
DA:35,2
DA:40,2
DA:41,2
DA:42,2
DA:43,2
DA:44,2
DA:45,2
DA:46,2
DA:47,2
DA:48,2
LF:10
LH:10
BRF:0
BRH:0
end_of_record
TN:
SF:src/renderer/app/components/Navbar/Navbar.vue
FN:19,(anonymous_2)
FNF:1
FNH:1
FNDA:1,(anonymous_2)
DA:16,1
DA:19,4
LF:2
LH:2
BRF:0
BRH:0
end_of_record
TN:
SF:src/renderer/app/components/SvgIcon/SvgIcon.vue
FN:18,(anonymous_3)
FN:22,(anonymous_4)
FN:24,(anonymous_5)
FNF:3
FNH:3
FNDA:1,(anonymous_3)
FNDA:1,(anonymous_4)
FNDA:4,(anonymous_5)
DA:15,1
DA:18,2
DA:19,1
DA:20,1
DA:23,1
DA:24,5
DA:26,1
DA:28,1
LF:8
LH:8
BRDA:23,0,0,0
BRDA:23,0,1,1
BRF:2
BRH:1
end_of_record
TN:
SF:src/renderer/app/components/Toggle/Toggle.vue
FN:23,(anonymous_3)
FN:29,(anonymous_4)
FN:33,(anonymous_5)
FN:39,(anonymous_6)
FN:43,(anonymous_7)
FN:19,(anonymous_8)
FNF:6
FNH:6
FNDA:1,(anonymous_3)
FNDA:7,(anonymous_4)
FNDA:2,(anonymous_5)
FNDA:1,(anonymous_6)
FNDA:2,(anonymous_7)
FNDA:4,(anonymous_8)
DA:16,1
DA:19,4
DA:23,1
DA:24,1
DA:25,1
DA:30,7
DA:34,2
DA:35,2
DA:39,1
DA:40,1
DA:44,2
DA:46,1
LF:12
LH:12
BRF:0
BRH:0
end_of_record
TN:
SF:src/renderer/domain/announcement/store/actions.ts
FNF:0
FNH:0
LF:0
LH:0
BRF:0
BRH:0
end_of_record
TN:
SF:src/renderer/domain/announcement/store/getters.ts
FNF:0
FNH:0
LF:0
LH:0
BRF:0
BRH:0
end_of_record
TN:
SF:src/renderer/domain/announcement/store/mutations.ts
FNF:0
FNH:0
LF:0
LH:0
BRF:0
BRH:0
end_of_record
TN:
SF:src/renderer/domain/plugin/store/actions.ts
FNF:0
FNH:0
LF:0
LH:0
BRF:0
BRH:0
end_of_record
TN:
SF:src/renderer/domain/plugin/store/getters.ts
FNF:0
FNH:0
LF:0
LH:0
BRF:0
BRH:0
end_of_record
TN:
SF:src/renderer/domain/plugin/store/mutations.ts
FNF:0
FNH:0
LF:0
LH:0
BRF:0
BRH:0
end_of_record
TN:
SF:src/renderer/domain/profile/pages/ProfileNew.vue
FN:209,(anonymous_2)
FN:217,(anonymous_4)
FN:222,(anonymous_5)
FN:233,(anonymous_6)
FN:245,(anonymous_7)
FN:251,(anonymous_8)
FN:255,(anonymous_9)
FN:259,(anonymous_10)
FNF:8
FNH:6
FNDA:3,(anonymous_2)
FNDA:2,(anonymous_4)
FNDA:0,(anonymous_5)
FNDA:1,(anonymous_6)
FNDA:0,(anonymous_7)
FNDA:2,(anonymous_8)
FNDA:2,(anonymous_9)
FNDA:1,(anonymous_10)
DA:189,1
DA:190,1
DA:191,1
DA:193,1
DA:194,1
DA:195,1
DA:196,1
DA:197,1
DA:209,1
DA:210,2
DA:218,2
DA:234,1
DA:236,1
DA:237,1
DA:238,1
DA:240,1
DA:246,0
DA:248,0
DA:252,2
DA:256,2
DA:260,1
DA:267,1
LF:22
LH:20
BRDA:218,0,0,2
BRDA:218,0,1,0
BRDA:218,0,2,2
BRDA:238,1,0,0
BRDA:238,1,1,1
BRF:5
BRH:3
end_of_record
TN:
SF:src/renderer/domain/profile/pages/ProfileWelcome.vue
FN:102,(anonymous_2)
FN:105,(anonymous_4)
FN:109,(anonymous_5)
FNF:3
FNH:2
FNDA:2,(anonymous_2)
FNDA:1,(anonymous_4)
FNDA:0,(anonymous_5)
DA:91,1
DA:93,1
DA:94,1
DA:102,1
DA:103,1
DA:106,1
DA:110,0
DA:112,1
LF:8
LH:7
BRF:0
BRH:0
end_of_record
TN:
SF:src/renderer/domain/profile/store/actions.ts
FNF:0
FNH:0
LF:0
LH:0
BRF:0
BRH:0
end_of_record
TN:
SF:src/renderer/domain/profile/store/getters.ts
FNF:0
FNH:0
LF:0
LH:0
BRF:0
BRH:0
end_of_record
TN:
SF:src/renderer/domain/profile/store/mutations.ts
FNF:0
FNH:0
LF:0
LH:0
BRF:0
BRH:0
end_of_record
TN:
SF:src/renderer/domain/transaction/store/actions.ts
FNF:0
FNH:0
LF:0
LH:0
BRF:0
BRH:0
end_of_record
TN:
SF:src/renderer/domain/transaction/store/getters.ts
FNF:0
FNH:0
LF:0
LH:0
BRF:0
BRH:0
end_of_record
TN:
SF:src/renderer/domain/transaction/store/mutations.ts
FNF:0
FNH:0
LF:0
LH:0
BRF:0
BRH:0
end_of_record
TN:
SF:src/renderer/domain/wallet/components/WalletMnemonicList.vue
FN:23,(anonymous_3)
FNF:1
FNH:1
FNDA:1,(anonymous_3)
DA:20,1
DA:23,2
DA:24,1
DA:25,1
LF:4
LH:4
BRF:0
BRH:0
end_of_record
TN:
SF:src/renderer/domain/wallet/store/actions.ts
FNF:0
FNH:0
LF:0
LH:0
BRF:0
BRH:0
end_of_record
TN:
SF:src/renderer/domain/wallet/store/getters.ts
FNF:0
FNH:0
LF:0
LH:0
BRF:0
BRH:0
end_of_record
TN:
SF:src/renderer/domain/wallet/store/mutations.ts
FNF:0
FNH:0
LF:0
LH:0
BRF:0
BRH:0
end_of_record
TN:
SF:src/renderer/support/mixins/assets.ts
FN:7,(anonymous_0)
FNF:1
FNH:0
FNDA:0,(anonymous_0)
DA:3,0
DA:5,0
DA:8,0
DA:9,0
DA:11,0
LF:5
LH:0
BRF:0
BRH:0
end_of_record
TN:
SF:src/renderer/support/plugins/env.ts
FN:8,(anonymous_0)
FNF:1
FNH:1
FNDA:1,(anonymous_0)
DA:5,1
DA:9,1
DA:10,1
LF:3
LH:3
BRF:0
BRH:0
end_of_record
TN:
SF:src/renderer/support/plugins/event-bus.ts
FN:6,(anonymous_0)
FNF:1
FNH:1
FNDA:1,(anonymous_0)
DA:3,1
DA:7,1
LF:2
LH:2
BRF:0
BRH:0
end_of_record
TN:
SF:src/renderer/support/plugins/http-client.ts
FN:6,(anonymous_0)
FNF:1
FNH:1
FNDA:1,(anonymous_0)
DA:3,2
DA:7,1
LF:2
LH:2
BRF:0
BRH:0
end_of_record
TN:
SF:src/renderer/support/services/http.ts
FN:7,(anonymous_0)
FN:13,(anonymous_1)
FN:19,(anonymous_2)
FN:28,(anonymous_3)
FN:32,(anonymous_4)
FNF:5
FNH:5
FNDA:6,(anonymous_0)
FNDA:1,(anonymous_1)
FNDA:1,(anonymous_2)
FNDA:3,(anonymous_3)
FNDA:1,(anonymous_4)
DA:8,6
DA:10,6
DA:14,1
DA:16,1
DA:20,1
DA:25,1
DA:29,3
DA:33,1
LF:8
LH:8
BRDA:28,0,0,3
BRDA:32,1,0,1
BRF:2
BRH:2
end_of_record
TN:
SF:src/renderer/support/services/image-manager.ts
FN:4,(anonymous_0)
FN:8,(anonymous_1)
FN:12,(anonymous_2)
FN:13,(anonymous_3)
FN:27,(anonymous_4)
FN:38,(anonymous_5)
FNF:6
FNH:6
FNDA:1,(anonymous_0)
FNDA:5,(anonymous_1)
FNDA:2,(anonymous_2)
FNDA:6,(anonymous_3)
FNDA:1,(anonymous_4)
FNDA:1,(anonymous_5)
DA:5,1
DA:9,5
DA:13,2
DA:14,6
DA:15,6
DA:17,6
DA:18,2
DA:20,2
DA:23,6
DA:28,1
DA:29,1
DA:31,1
DA:32,1
DA:35,1
DA:39,1
DA:40,1
DA:42,1
LF:17
LH:17
BRDA:17,0,0,2
BRDA:17,0,1,4
BRDA:17,1,0,6
BRDA:17,1,1,6
BRDA:18,2,0,2
BRDA:18,2,1,2
BRDA:32,3,0,1
BRDA:32,3,1,1
BRF:8
BRH:8
end_of_record
